<?xml version="1.0" encoding="utf-8"?><testsuites name="pytest tests"><testsuite name="pytest" errors="6" failures="50" skipped="48" tests="622" time="77.521" timestamp="2025-12-22T20:09:44.721921+03:00" hostname="MBP.local"><testcase classname="massgen.tests.memory.test_context_window_management" name="test_with_persistent_memory" time="0.000"><error message="failed on setup with &quot;file /Users/admin/src/MassGen/massgen/tests/memory/test_context_window_management.py, line 45&#10;  async def test_with_persistent_memory(config: dict):&#10;      &quot;&quot;&quot;Test context compression with persistent memory enabled.&quot;&quot;&quot;&#10;      # Check if memory is enabled in config&#10;      memory_config = config.get(&quot;memory&quot;, {})&#10;      if not memory_config.get(&quot;enabled&quot;, True):&#10;          print(&quot;\n⚠️  Skipping: memory.enabled is false in config&quot;)&#10;          return&#10;&#10;      persistent_enabled = memory_config.get(&quot;persistent_memory&quot;, {}).get(&quot;enabled&quot;, True)&#10;      if not persistent_enabled:&#10;          print(&quot;\n⚠️  Skipping: memory.persistent_memory.enabled is false in config&quot;)&#10;          return&#10;&#10;      print(&quot;\n&quot; + &quot;=&quot; * 70)&#10;      print(&quot;TEST 1: Context Window Management WITH Persistent Memory&quot;)&#10;      print(&quot;=&quot; * 70 + &quot;\n&quot;)&#10;&#10;      # Get memory settings from config&#10;      persistent_config = memory_config.get(&quot;persistent_memory&quot;, {})&#10;      agent_name = persistent_config.get(&quot;agent_name&quot;, &quot;storyteller_agent&quot;)&#10;      session_name = persistent_config.get(&quot;session_name&quot;, &quot;test_session&quot;)&#10;      on_disk = persistent_config.get(&quot;on_disk&quot;, True)&#10;&#10;      # Create LLM backend for both agent and memory&#10;      llm_backend = ChatCompletionsBackend(&#10;          type=&quot;openai&quot;,&#10;          model=&quot;gpt-4o-mini&quot;,  # Use smaller model for faster testing&#10;          api_key=os.getenv(&quot;OPENAI_API_KEY&quot;),&#10;      )&#10;&#10;      # Create embedding backend for persistent memory&#10;      embedding_backend = ChatCompletionsBackend(&#10;          type=&quot;openai&quot;,&#10;          model=&quot;text-embedding-3-small&quot;,&#10;          api_key=os.getenv(&quot;OPENAI_API_KEY&quot;),&#10;      )&#10;&#10;      # Initialize memory systems&#10;      conversation_memory = ConversationMemory()&#10;      persistent_memory = PersistentMemory(&#10;          agent_name=agent_name,&#10;          session_name=session_name,&#10;          llm_backend=llm_backend,&#10;          embedding_backend=embedding_backend,&#10;          on_disk=on_disk,&#10;      )&#10;&#10;      # Create agent with memory&#10;      agent = SingleAgent(&#10;          backend=llm_backend,&#10;          agent_id=&quot;storyteller&quot;,&#10;          system_message=&quot;You are a creative storyteller. Create detailed, &quot; &quot;immersive narratives with rich descriptions.&quot;,&#10;          conversation_memory=conversation_memory,&#10;          persistent_memory=persistent_memory,&#10;      )&#10;&#10;      print(&quot;✅ Agent initialized with memory&quot;)&#10;      print(&quot;   - ConversationMemory: Active&quot;)&#10;      print(f&quot;   - PersistentMemory: Active (agent={agent_name}, session={session_name}, on_disk={on_disk})&quot;)&#10;      print(&quot;   - Model context window: 128,000 tokens&quot;)&#10;      print(&quot;   - Compression triggers at: 96,000 tokens (75%)&quot;)&#10;      print(&quot;   - Target after compression: 51,200 tokens (40%)\n&quot;)&#10;&#10;      # Simulate a conversation that will fill context&#10;      # Each turn will add significant tokens&#10;      story_prompts = [&#10;          &quot;Tell me the beginning of a space exploration story. Include details about the ship, crew, and their mission. (Make it 400+ words)&quot;,&#10;          &quot;What happens when they encounter their first alien planet? Describe it in vivid detail.&quot;,&#10;          &quot;Describe a tense first contact situation with aliens. What do they look like? How do they communicate?&quot;,&#10;          &quot;The mission takes an unexpected turn. What crisis occurs and how does the crew respond?&quot;,&#10;          &quot;Show me a dramatic action sequence involving the ship's technology and the alien environment.&quot;,&#10;          &quot;Reveal a plot twist about one of the crew members or the mission itself.&quot;,&#10;          &quot;Continue the story with escalating tension and more discoveries.&quot;,&#10;          &quot;How do cultural differences between humans and aliens create conflicts?&quot;,&#10;          &quot;Describe a major decision point for the crew captain. What are the stakes?&quot;,&#10;          &quot;Bring the story to a climactic moment with high drama.&quot;,&#10;      ]&#10;&#10;      turn = 0&#10;      for prompt in story_prompts:&#10;          turn += 1&#10;          print(f&quot;\n--- Turn {turn} ---&quot;)&#10;          print(f&quot;User: {prompt}\n&quot;)&#10;&#10;          response_text = &quot;&quot;&#10;          async for chunk in agent.chat([{&quot;role&quot;: &quot;user&quot;, &quot;content&quot;: prompt}]):&#10;              if chunk.type == &quot;content&quot; and chunk.content:&#10;                  response_text += chunk.content&#10;&#10;          print(f&quot;Agent: {response_text[:200]}...&quot;)&#10;          print(f&quot;       [{len(response_text)} chars in response]&quot;)&#10;&#10;          # Check if compression occurred by examining conversation size&#10;          if conversation_memory:&#10;              size = await conversation_memory.size()&#10;              print(f&quot;       [Conversation memory: {size} messages]\n&quot;)&#10;&#10;      print(&quot;\n✅ Test completed!&quot;)&#10;      print(&quot;   Check the output above for compression logs:&quot;)&#10;      print(&quot;   - Look for: '#x1F4CA Context usage: ...'&quot;)&#10;      print(&quot;   - Look for: '#x1F4E6 Compressed N messages into long-term memory'&quot;)&#10;E       fixture 'config' not found&#10;&gt;       available fixtures: _class_scoped_runner, _function_scoped_runner, _module_scoped_runner, _package_scoped_runner, _session_scoped_runner, anyio_backend, anyio_backend_name, anyio_backend_options, cache, capfd, capfdbinary, caplog, capsys, capsysbinary, capteesys, doctest_namespace, event_loop_policy, free_tcp_port, free_tcp_port_factory, free_udp_port, free_udp_port_factory, monkeypatch, pytestconfig, record_property, record_testsuite_property, record_xml_attribute, recwarn, subtests, tmp_path, tmp_path_factory, tmpdir, tmpdir_factory, unused_tcp_port, unused_tcp_port_factory, unused_udp_port, unused_udp_port_factory&#10;&gt;       use 'pytest --fixtures [testpath]' for help on them.&#10;&#10;/Users/admin/src/MassGen/massgen/tests/memory/test_context_window_management.py:45&quot;">file /Users/admin/src/MassGen/massgen/tests/memory/test_context_window_management.py, line 45
  async def test_with_persistent_memory(config: dict):
      """Test context compression with persistent memory enabled."""
      # Check if memory is enabled in config
      memory_config = config.get("memory", {})
      if not memory_config.get("enabled", True):
          print("\n⚠️  Skipping: memory.enabled is false in config")
          return

      persistent_enabled = memory_config.get("persistent_memory", {}).get("enabled", True)
      if not persistent_enabled:
          print("\n⚠️  Skipping: memory.persistent_memory.enabled is false in config")
          return

      print("\n" + "=" * 70)
      print("TEST 1: Context Window Management WITH Persistent Memory")
      print("=" * 70 + "\n")

      # Get memory settings from config
      persistent_config = memory_config.get("persistent_memory", {})
      agent_name = persistent_config.get("agent_name", "storyteller_agent")
      session_name = persistent_config.get("session_name", "test_session")
      on_disk = persistent_config.get("on_disk", True)

      # Create LLM backend for both agent and memory
      llm_backend = ChatCompletionsBackend(
          type="openai",
          model="gpt-4o-mini",  # Use smaller model for faster testing
          api_key=os.getenv("OPENAI_API_KEY"),
      )

      # Create embedding backend for persistent memory
      embedding_backend = ChatCompletionsBackend(
          type="openai",
          model="text-embedding-3-small",
          api_key=os.getenv("OPENAI_API_KEY"),
      )

      # Initialize memory systems
      conversation_memory = ConversationMemory()
      persistent_memory = PersistentMemory(
          agent_name=agent_name,
          session_name=session_name,
          llm_backend=llm_backend,
          embedding_backend=embedding_backend,
          on_disk=on_disk,
      )

      # Create agent with memory
      agent = SingleAgent(
          backend=llm_backend,
          agent_id="storyteller",
          system_message="You are a creative storyteller. Create detailed, " "immersive narratives with rich descriptions.",
          conversation_memory=conversation_memory,
          persistent_memory=persistent_memory,
      )

      print("✅ Agent initialized with memory")
      print("   - ConversationMemory: Active")
      print(f"   - PersistentMemory: Active (agent={agent_name}, session={session_name}, on_disk={on_disk})")
      print("   - Model context window: 128,000 tokens")
      print("   - Compression triggers at: 96,000 tokens (75%)")
      print("   - Target after compression: 51,200 tokens (40%)\n")

      # Simulate a conversation that will fill context
      # Each turn will add significant tokens
      story_prompts = [
          "Tell me the beginning of a space exploration story. Include details about the ship, crew, and their mission. (Make it 400+ words)",
          "What happens when they encounter their first alien planet? Describe it in vivid detail.",
          "Describe a tense first contact situation with aliens. What do they look like? How do they communicate?",
          "The mission takes an unexpected turn. What crisis occurs and how does the crew respond?",
          "Show me a dramatic action sequence involving the ship's technology and the alien environment.",
          "Reveal a plot twist about one of the crew members or the mission itself.",
          "Continue the story with escalating tension and more discoveries.",
          "How do cultural differences between humans and aliens create conflicts?",
          "Describe a major decision point for the crew captain. What are the stakes?",
          "Bring the story to a climactic moment with high drama.",
      ]

      turn = 0
      for prompt in story_prompts:
          turn += 1
          print(f"\n--- Turn {turn} ---")
          print(f"User: {prompt}\n")

          response_text = ""
          async for chunk in agent.chat([{"role": "user", "content": prompt}]):
              if chunk.type == "content" and chunk.content:
                  response_text += chunk.content

          print(f"Agent: {response_text[:200]}...")
          print(f"       [{len(response_text)} chars in response]")

          # Check if compression occurred by examining conversation size
          if conversation_memory:
              size = await conversation_memory.size()
              print(f"       [Conversation memory: {size} messages]\n")

      print("\n✅ Test completed!")
      print("   Check the output above for compression logs:")
      print("   - Look for: '#x1F4CA Context usage: ...'")
      print("   - Look for: '#x1F4E6 Compressed N messages into long-term memory'")
E       fixture 'config' not found
&gt;       available fixtures: _class_scoped_runner, _function_scoped_runner, _module_scoped_runner, _package_scoped_runner, _session_scoped_runner, anyio_backend, anyio_backend_name, anyio_backend_options, cache, capfd, capfdbinary, caplog, capsys, capsysbinary, capteesys, doctest_namespace, event_loop_policy, free_tcp_port, free_tcp_port_factory, free_udp_port, free_udp_port_factory, monkeypatch, pytestconfig, record_property, record_testsuite_property, record_xml_attribute, recwarn, subtests, tmp_path, tmp_path_factory, tmpdir, tmpdir_factory, unused_tcp_port, unused_tcp_port_factory, unused_udp_port, unused_udp_port_factory
&gt;       use 'pytest --fixtures [testpath]' for help on them.

/Users/admin/src/MassGen/massgen/tests/memory/test_context_window_management.py:45</error></testcase><testcase classname="massgen.tests.memory.test_context_window_management" name="test_without_persistent_memory" time="0.000"><error message="failed on setup with &quot;file /Users/admin/src/MassGen/massgen/tests/memory/test_context_window_management.py, line 148&#10;  async def test_without_persistent_memory(config: dict):&#10;      &quot;&quot;&quot;Test context compression without persistent memory (warning case).&quot;&quot;&quot;&#10;      # Check if we should run this test&#10;      memory_config = config.get(&quot;memory&quot;, {})&#10;      persistent_enabled = memory_config.get(&quot;persistent_memory&quot;, {}).get(&quot;enabled&quot;, True)&#10;&#10;      if persistent_enabled:&#10;          # Skip if persistent memory is enabled - we already tested that scenario&#10;          print(&quot;\n⚠️  Skipping Test 2: persistent memory is enabled in config&quot;)&#10;          print(&quot;   To test without persistent memory, set memory.persistent_memory.enabled: false&quot;)&#10;          return&#10;&#10;      print(&quot;\n&quot; + &quot;=&quot; * 70)&#10;      print(&quot;TEST 2: Context Window Management WITHOUT Persistent Memory&quot;)&#10;      print(&quot;=&quot; * 70 + &quot;\n&quot;)&#10;&#10;      # Create LLM backend&#10;      llm_backend = ChatCompletionsBackend(&#10;          type=&quot;openai&quot;,&#10;          model=&quot;gpt-4o-mini&quot;,&#10;          api_key=os.getenv(&quot;OPENAI_API_KEY&quot;),&#10;      )&#10;&#10;      # Only conversation memory, NO persistent memory&#10;      conversation_memory = ConversationMemory()&#10;&#10;      # Create agent without persistent memory&#10;      agent = SingleAgent(&#10;          backend=llm_backend,&#10;          agent_id=&quot;storyteller_no_persist&quot;,&#10;          system_message=&quot;You are a creative storyteller.&quot;,&#10;          conversation_memory=conversation_memory,&#10;          persistent_memory=None,  # No persistent memory!&#10;      )&#10;&#10;      print(&quot;⚠️  Agent initialized WITHOUT persistent memory&quot;)&#10;      print(&quot;   - ConversationMemory: Active&quot;)&#10;      print(&quot;   - PersistentMemory: NONE&quot;)&#10;      print(&quot;   - This will trigger warning messages when context fills\n&quot;)&#10;&#10;      # Shorter test - just trigger compression&#10;      story_prompts = [&#10;          &quot;Tell me a 500-word science fiction story about time travel.&quot;,&#10;          &quot;Continue the story with 500 more words about paradoxes.&quot;,&#10;          &quot;Add another 500 words with a plot twist.&quot;,&#10;          &quot;Continue with 500 words about the resolution.&quot;,&#10;          &quot;Write a 500-word epilogue.&quot;,&#10;      ]&#10;&#10;      turn = 0&#10;      for prompt in story_prompts:&#10;          turn += 1&#10;          print(f&quot;\n--- Turn {turn} ---&quot;)&#10;          print(f&quot;User: {prompt}\n&quot;)&#10;&#10;          response_text = &quot;&quot;&#10;          async for chunk in agent.chat([{&quot;role&quot;: &quot;user&quot;, &quot;content&quot;: prompt}]):&#10;              if chunk.type == &quot;content&quot; and chunk.content:&#10;                  response_text += chunk.content&#10;&#10;          print(f&quot;Agent: {response_text[:150]}...&quot;)&#10;&#10;      print(&quot;\n✅ Test completed!&quot;)&#10;      print(&quot;   Check the output above for warning messages:&quot;)&#10;      print(&quot;   - Look for: '⚠️  Warning: Dropping N messages'&quot;)&#10;      print(&quot;   - Look for: 'No persistent memory configured'&quot;)&#10;E       fixture 'config' not found&#10;&gt;       available fixtures: _class_scoped_runner, _function_scoped_runner, _module_scoped_runner, _package_scoped_runner, _session_scoped_runner, anyio_backend, anyio_backend_name, anyio_backend_options, cache, capfd, capfdbinary, caplog, capsys, capsysbinary, capteesys, doctest_namespace, event_loop_policy, free_tcp_port, free_tcp_port_factory, free_udp_port, free_udp_port_factory, monkeypatch, pytestconfig, record_property, record_testsuite_property, record_xml_attribute, recwarn, subtests, tmp_path, tmp_path_factory, tmpdir, tmpdir_factory, unused_tcp_port, unused_tcp_port_factory, unused_udp_port, unused_udp_port_factory&#10;&gt;       use 'pytest --fixtures [testpath]' for help on them.&#10;&#10;/Users/admin/src/MassGen/massgen/tests/memory/test_context_window_management.py:148&quot;">file /Users/admin/src/MassGen/massgen/tests/memory/test_context_window_management.py, line 148
  async def test_without_persistent_memory(config: dict):
      """Test context compression without persistent memory (warning case)."""
      # Check if we should run this test
      memory_config = config.get("memory", {})
      persistent_enabled = memory_config.get("persistent_memory", {}).get("enabled", True)

      if persistent_enabled:
          # Skip if persistent memory is enabled - we already tested that scenario
          print("\n⚠️  Skipping Test 2: persistent memory is enabled in config")
          print("   To test without persistent memory, set memory.persistent_memory.enabled: false")
          return

      print("\n" + "=" * 70)
      print("TEST 2: Context Window Management WITHOUT Persistent Memory")
      print("=" * 70 + "\n")

      # Create LLM backend
      llm_backend = ChatCompletionsBackend(
          type="openai",
          model="gpt-4o-mini",
          api_key=os.getenv("OPENAI_API_KEY"),
      )

      # Only conversation memory, NO persistent memory
      conversation_memory = ConversationMemory()

      # Create agent without persistent memory
      agent = SingleAgent(
          backend=llm_backend,
          agent_id="storyteller_no_persist",
          system_message="You are a creative storyteller.",
          conversation_memory=conversation_memory,
          persistent_memory=None,  # No persistent memory!
      )

      print("⚠️  Agent initialized WITHOUT persistent memory")
      print("   - ConversationMemory: Active")
      print("   - PersistentMemory: NONE")
      print("   - This will trigger warning messages when context fills\n")

      # Shorter test - just trigger compression
      story_prompts = [
          "Tell me a 500-word science fiction story about time travel.",
          "Continue the story with 500 more words about paradoxes.",
          "Add another 500 words with a plot twist.",
          "Continue with 500 words about the resolution.",
          "Write a 500-word epilogue.",
      ]

      turn = 0
      for prompt in story_prompts:
          turn += 1
          print(f"\n--- Turn {turn} ---")
          print(f"User: {prompt}\n")

          response_text = ""
          async for chunk in agent.chat([{"role": "user", "content": prompt}]):
              if chunk.type == "content" and chunk.content:
                  response_text += chunk.content

          print(f"Agent: {response_text[:150]}...")

      print("\n✅ Test completed!")
      print("   Check the output above for warning messages:")
      print("   - Look for: '⚠️  Warning: Dropping N messages'")
      print("   - Look for: 'No persistent memory configured'")
E       fixture 'config' not found
&gt;       available fixtures: _class_scoped_runner, _function_scoped_runner, _module_scoped_runner, _package_scoped_runner, _session_scoped_runner, anyio_backend, anyio_backend_name, anyio_backend_options, cache, capfd, capfdbinary, caplog, capsys, capsysbinary, capteesys, doctest_namespace, event_loop_policy, free_tcp_port, free_tcp_port_factory, free_udp_port, free_udp_port_factory, monkeypatch, pytestconfig, record_property, record_testsuite_property, record_xml_attribute, recwarn, subtests, tmp_path, tmp_path_factory, tmpdir, tmpdir_factory, unused_tcp_port, unused_tcp_port_factory, unused_udp_port, unused_udp_port_factory
&gt;       use 'pytest --fixtures [testpath]' for help on them.

/Users/admin/src/MassGen/massgen/tests/memory/test_context_window_management.py:148</error></testcase><testcase classname="massgen.tests.test_ag2_lesson_planner.TestAG2LessonPlannerTool" name="test_basic_lesson_plan_creation" time="0.001"><skipped type="pytest.skip" message="OPENAI_API_KEY not set">/Users/admin/src/MassGen/massgen/tests/test_ag2_lesson_planner.py:32: OPENAI_API_KEY not set</skipped></testcase><testcase classname="massgen.tests.test_ag2_lesson_planner.TestAG2LessonPlannerTool" name="test_lesson_plan_with_env_api_key" time="0.000"><skipped type="pytest.skip" message="OPENAI_API_KEY not set">/Users/admin/src/MassGen/massgen/tests/test_ag2_lesson_planner.py:52: OPENAI_API_KEY not set</skipped></testcase><testcase classname="massgen.tests.test_ag2_lesson_planner.TestAG2LessonPlannerTool" name="test_missing_api_key_error" time="0.001"><skipped type="pytest.xfail" message="Tool API drift: test expects topic/api_key kwargs but current tool interface differs; update test or add compatibility wrapper (.cursor/triage/tasks/cluster_e19eb78221.md)" /></testcase><testcase classname="massgen.tests.test_ag2_lesson_planner.TestAG2LessonPlannerTool" name="test_different_topics" time="0.000"><skipped type="pytest.skip" message="OPENAI_API_KEY not set">/Users/admin/src/MassGen/massgen/tests/test_ag2_lesson_planner.py:88: OPENAI_API_KEY not set</skipped></testcase><testcase classname="massgen.tests.test_ag2_lesson_planner.TestAG2LessonPlannerTool" name="test_concurrent_lesson_plan_creation" time="0.000"><skipped type="pytest.skip" message="OPENAI_API_KEY not set">/Users/admin/src/MassGen/massgen/tests/test_ag2_lesson_planner.py:107: OPENAI_API_KEY not set</skipped></testcase><testcase classname="massgen.tests.test_ag2_lesson_planner.TestAG2ToolIntegration" name="test_tool_function_signature" time="0.000"><failure message="AssertionError: assert False&#10; +  where False = &lt;function iscoroutinefunction at 0x1097e4720&gt;(ag2_lesson_planner)&#10; +    where &lt;function iscoroutinefunction at 0x1097e4720&gt; = &lt;module 'inspect' from '/opt/homebrew/Cellar/python@3.13/3.13.11/Frameworks/Python.framework/Versions/3.13/lib/python3.13/inspect.py'&gt;.iscoroutinefunction">self = &lt;massgen.tests.test_ag2_lesson_planner.TestAG2ToolIntegration object at 0x1226ee210&gt;

    def test_tool_function_signature(self):
        """Test that the tool has the correct async signature."""
        import inspect
    
&gt;       assert inspect.iscoroutinefunction(ag2_lesson_planner)
E       AssertionError: assert False
E        +  where False = &lt;function iscoroutinefunction at 0x1097e4720&gt;(ag2_lesson_planner)
E        +    where &lt;function iscoroutinefunction at 0x1097e4720&gt; = &lt;module 'inspect' from '/opt/homebrew/Cellar/python@3.13/3.13.11/Frameworks/Python.framework/Versions/3.13/lib/python3.13/inspect.py'&gt;.iscoroutinefunction

massgen/tests/test_ag2_lesson_planner.py:134: AssertionError</failure></testcase><testcase classname="massgen.tests.test_ag2_lesson_planner.TestAG2ToolIntegration" name="test_execution_result_structure" time="0.001"><skipped type="pytest.skip" message="OPENAI_API_KEY not set">/Users/admin/src/MassGen/massgen/tests/test_ag2_lesson_planner.py:153: OPENAI_API_KEY not set</skipped></testcase><testcase classname="massgen.tests.test_ag2_lesson_planner.TestAG2ToolWithBackend" name="test_backend_registration" time="0.001"><failure message="AssertionError: assert 'ag2_lesson_planner' in set()&#10; +  where set() = &lt;massgen.backend.response.ResponseBackend object at 0x123ccacf0&gt;._custom_tool_names">self = &lt;massgen.tests.test_ag2_lesson_planner.TestAG2ToolWithBackend object at 0x1226ee490&gt;

    @pytest.mark.asyncio
    async def test_backend_registration(self):
        """Test registering AG2 tool with ResponseBackend."""
        from massgen.backend.response import ResponseBackend
    
        api_key = os.getenv("OPENAI_API_KEY", "test-key")
    
        # Import the tool
        from massgen.tool._extraframework_agents.ag2_lesson_planner_tool import (
            ag2_lesson_planner,
        )
    
        # Register with backend
        backend = ResponseBackend(
            api_key=api_key,
            custom_tools=[
                {
                    "func": ag2_lesson_planner,
                    "description": "Create a comprehensive lesson plan using AG2 nested chat",
                },
            ],
        )
    
        # Verify tool is registered
&gt;       assert "ag2_lesson_planner" in backend._custom_tool_names
E       AssertionError: assert 'ag2_lesson_planner' in set()
E        +  where set() = &lt;massgen.backend.response.ResponseBackend object at 0x123ccacf0&gt;._custom_tool_names

massgen/tests/test_ag2_lesson_planner.py:199: AssertionError</failure></testcase><testcase classname="massgen.tests.test_agent_memory.TestSingleAgentConversationMemory" name="test_agent_with_conversation_memory_initialization" time="0.001" /><testcase classname="massgen.tests.test_agent_memory.TestSingleAgentConversationMemory" name="test_agent_adds_messages_to_conversation_memory" time="0.001" /><testcase classname="massgen.tests.test_agent_memory.TestSingleAgentConversationMemory" name="test_agent_clears_conversation_memory_on_reset" time="0.001" /><testcase classname="massgen.tests.test_agent_memory.TestSingleAgentConversationMemory" name="test_agent_clears_memory_on_clear_history" time="0.001" /><testcase classname="massgen.tests.test_agent_memory.TestSingleAgentPersistentMemory" name="test_agent_with_persistent_memory_initialization" time="0.001" /><testcase classname="massgen.tests.test_agent_memory.TestSingleAgentPersistentMemory" name="test_agent_retrieves_from_persistent_memory" time="0.002"><failure message="AssertionError: assert False&#10; +  where False = &lt;AsyncMock name='mock.retrieve' id='4897311440'&gt;.called&#10; +    where &lt;AsyncMock name='mock.retrieve' id='4897311440'&gt; = &lt;MagicMock spec='PersistentMemory' id='4897309760'&gt;.retrieve">self = &lt;massgen.tests.test_agent_memory.TestSingleAgentPersistentMemory object at 0x12296c7d0&gt;

    async def test_agent_retrieves_from_persistent_memory(self):
        """Test that agent retrieves context from persistent memory."""
        backend = create_mock_backend()
        persist_memory = create_mock_persistent_memory()
    
        # Mock retrieve to return some context
        persist_memory.retrieve = AsyncMock(
            return_value="User previously asked about Python",
        )
    
        agent = SingleAgent(
            backend=backend,
            persistent_memory=persist_memory,
        )
    
        # Chat with agent
        messages = [{"role": "user", "content": "Tell me more"}]
        async for _ in agent.chat(messages):
            pass
    
        # Verify retrieve was called
&gt;       assert persist_memory.retrieve.called
E       AssertionError: assert False
E        +  where False = &lt;AsyncMock name='mock.retrieve' id='4897311440'&gt;.called
E        +    where &lt;AsyncMock name='mock.retrieve' id='4897311440'&gt; = &lt;MagicMock spec='PersistentMemory' id='4897309760'&gt;.retrieve

massgen/tests/test_agent_memory.py:197: AssertionError</failure></testcase><testcase classname="massgen.tests.test_agent_memory.TestSingleAgentPersistentMemory" name="test_agent_records_to_persistent_memory" time="0.001" /><testcase classname="massgen.tests.test_agent_memory.TestSingleAgentPersistentMemory" name="test_agent_handles_memory_not_implemented_gracefully" time="0.001" /><testcase classname="massgen.tests.test_agent_memory.TestSingleAgentBothMemories" name="test_agent_with_both_memories" time="0.001"><failure message="AssertionError: assert False&#10; +  where False = &lt;AsyncMock name='mock.retrieve' id='4897312784'&gt;.called&#10; +    where &lt;AsyncMock name='mock.retrieve' id='4897312784'&gt; = &lt;MagicMock spec='PersistentMemory' id='4897310768'&gt;.retrieve">self = &lt;massgen.tests.test_agent_memory.TestSingleAgentBothMemories object at 0x12296c910&gt;

    async def test_agent_with_both_memories(self):
        """Test that agent works correctly with both memory types."""
        backend = create_mock_backend()
        conv_memory = ConversationMemory()
        persist_memory = create_mock_persistent_memory()
    
        agent = SingleAgent(
            backend=backend,
            conversation_memory=conv_memory,
            persistent_memory=persist_memory,
        )
    
        # Chat with agent
        messages = [{"role": "user", "content": "Hello with both memories"}]
        async for _ in agent.chat(messages):
            pass
    
        # Both memories should be used
        assert await conv_memory.size() &gt; 0
&gt;       assert persist_memory.retrieve.called
E       AssertionError: assert False
E        +  where False = &lt;AsyncMock name='mock.retrieve' id='4897312784'&gt;.called
E        +    where &lt;AsyncMock name='mock.retrieve' id='4897312784'&gt; = &lt;MagicMock spec='PersistentMemory' id='4897310768'&gt;.retrieve

massgen/tests/test_agent_memory.py:264: AssertionError</failure></testcase><testcase classname="massgen.tests.test_agent_memory.TestSingleAgentBothMemories" name="test_memory_integration_flow" time="0.002"><failure message="AssertionError: assert 0 &gt;= 1&#10; +  where 0 = &lt;AsyncMock name='mock.retrieve' id='4897317152'&gt;.call_count&#10; +    where &lt;AsyncMock name='mock.retrieve' id='4897317152'&gt; = &lt;MagicMock spec='PersistentMemory' id='4897320512'&gt;.retrieve">self = &lt;massgen.tests.test_agent_memory.TestSingleAgentBothMemories object at 0x12296ca50&gt;

    async def test_memory_integration_flow(self):
        """Test complete memory integration flow."""
    
        # Create a fresh backend for each chat call
        def create_fresh_backend():
            backend = MagicMock()
            backend.is_stateful = MagicMock(return_value=False)
            backend.set_stage = MagicMock()
    
            async def mock_stream():
                yield MagicMock(type="content", content="Response")
                yield MagicMock(
                    type="complete_message",
                    complete_message={"role": "assistant", "content": "Response"},
                )
                yield MagicMock(type="done")
    
            backend.stream_with_tools = MagicMock(return_value=mock_stream())
            return backend
    
        conv_memory = ConversationMemory()
        persist_memory = create_mock_persistent_memory()
    
        agent = SingleAgent(
            backend=create_fresh_backend(),
            agent_id="test_agent",
            conversation_memory=conv_memory,
            persistent_memory=persist_memory,
        )
    
        # First conversation
        messages1 = [{"role": "user", "content": "My name is Alice"}]
        async for _ in agent.chat(messages1):
            pass
    
        # Verify conversation memory has messages
        conv_size1 = await conv_memory.size()
        assert conv_size1 &gt; 0
    
        # Verify persistent memory recorded
        assert persist_memory.record.called
        record_call_count = persist_memory.record.call_count
    
        # Update backend for second chat
        agent.backend = create_fresh_backend()
    
        # Second conversation
        messages2 = [{"role": "user", "content": "What's my name?"}]
        async for _ in agent.chat(messages2):
            pass
    
        # Conversation memory should have grown
        conv_size2 = await conv_memory.size()
        assert conv_size2 &gt; conv_size1
    
        # Persistent memory should have been queried and recorded again
&gt;       assert persist_memory.retrieve.call_count &gt;= 1
E       AssertionError: assert 0 &gt;= 1
E        +  where 0 = &lt;AsyncMock name='mock.retrieve' id='4897317152'&gt;.call_count
E        +    where &lt;AsyncMock name='mock.retrieve' id='4897317152'&gt; = &lt;MagicMock spec='PersistentMemory' id='4897320512'&gt;.retrieve

massgen/tests/test_agent_memory.py:325: AssertionError</failure></testcase><testcase classname="massgen.tests.test_agent_memory.TestConfigurableAgentMemory" name="test_configurable_agent_with_memory" time="0.001"><failure message="AssertionError: assert False&#10; +  where False = &lt;AsyncMock name='mock.retrieve' id='4897915968'&gt;.called&#10; +    where &lt;AsyncMock name='mock.retrieve' id='4897915968'&gt; = &lt;MagicMock spec='PersistentMemory' id='4897323200'&gt;.retrieve">self = &lt;massgen.tests.test_agent_memory.TestConfigurableAgentMemory object at 0x12296cb90&gt;

    async def test_configurable_agent_with_memory(self):
        """Test that ConfigurableAgent works with memory."""
        from massgen.agent_config import AgentConfig
    
        backend = create_mock_backend()
        conv_memory = ConversationMemory()
        persist_memory = create_mock_persistent_memory()
    
        config = AgentConfig(
            agent_id="configurable_test",
            backend_params={"model": "gpt-4o-mini"},
        )
    
        agent = ConfigurableAgent(
            config=config,
            backend=backend,
            conversation_memory=conv_memory,
            persistent_memory=persist_memory,
        )
    
        assert agent.conversation_memory is conv_memory
        assert agent.persistent_memory is persist_memory
    
        # Test chat
        messages = [{"role": "user", "content": "Test configurable"}]
        async for _ in agent.chat(messages):
            pass
    
        # Verify memory was used
        assert await conv_memory.size() &gt; 0
&gt;       assert persist_memory.retrieve.called
E       AssertionError: assert False
E        +  where False = &lt;AsyncMock name='mock.retrieve' id='4897915968'&gt;.called
E        +    where &lt;AsyncMock name='mock.retrieve' id='4897915968'&gt; = &lt;MagicMock spec='PersistentMemory' id='4897323200'&gt;.retrieve

massgen/tests/test_agent_memory.py:365: AssertionError</failure></testcase><testcase classname="massgen.tests.test_agent_memory.TestMemoryStateManagement" name="test_conversation_memory_survives_across_chats" time="0.001" /><testcase classname="massgen.tests.test_agent_memory.TestMemoryStateManagement" name="test_reset_chat_clears_conversation_memory" time="0.001" /><testcase classname="massgen.tests.test_agent_memory.TestMemoryErrorHandling" name="test_agent_continues_when_memory_add_fails" time="0.001" /><testcase classname="massgen.tests.test_agent_memory.TestMemoryErrorHandling" name="test_agent_without_memory_works_normally" time="0.001" /><testcase classname="massgen.tests.test_azure_openai_backend.TestAzureOpenAIBackend" name="test_init_with_env_vars" time="0.000"><skipped type="pytest.xfail" message="Backend API drift: AzureOpenAIBackend missing azure_endpoint attribute expected by tests (.cursor/triage/tasks/cluster_4bbc1204e7.md)" /></testcase><testcase classname="massgen.tests.test_azure_openai_backend.TestAzureOpenAIBackend" name="test_init_with_kwargs" time="0.000"><skipped type="pytest.xfail" message="Backend API drift: AzureOpenAIBackend missing azure_endpoint attribute expected by tests (.cursor/triage/tasks/cluster_4bbc1204e7.md)" /></testcase><testcase classname="massgen.tests.test_azure_openai_backend.TestAzureOpenAIBackend" name="test_init_missing_api_key" time="0.000"><failure message="AssertionError: Regex pattern did not match.&#10;  Expected regex: 'Azure OpenAI endpoint URL is required'&#10;  Actual message: 'Azure OpenAI API key is required. Set AZURE_OPENAI_API_KEY environment variable or pass api_key parameter.'">self = &lt;massgen.tests.test_azure_openai_backend.TestAzureOpenAIBackend object at 0x12295cd60&gt;

    def test_init_missing_api_key(self):
        """Test initialization fails without API key."""
        with patch.dict(os.environ, {}, clear=True):
            with pytest.raises(ValueError, match="Azure OpenAI endpoint URL is required"):
&gt;               AzureOpenAIBackend()

massgen/tests/test_azure_openai_backend.py:47: 
_ _ _ _ _ _ _ _ _ _ _ _ _ _ _ _ _ _ _ _ _ _ _ _ _ _ _ _ _ _ _ _ _ _ _ _ _ _ _ _ 

self = &lt;massgen.backend.azure_openai.AzureOpenAIBackend object at 0x123cd3110&gt;
api_key = None, kwargs = {}

    def __init__(self, api_key: Optional[str] = None, **kwargs):
        super().__init__(api_key, **kwargs)
    
        # Get Azure configuration from parameters or environment variables
        self.api_key = api_key or os.getenv("AZURE_OPENAI_API_KEY")
    
        if not self.api_key:
&gt;           raise ValueError("Azure OpenAI API key is required. Set AZURE_OPENAI_API_KEY environment variable or pass api_key parameter.")
E           ValueError: Azure OpenAI API key is required. Set AZURE_OPENAI_API_KEY environment variable or pass api_key parameter.

massgen/backend/azure_openai.py:38: ValueError

During handling of the above exception, another exception occurred:

self = &lt;massgen.tests.test_azure_openai_backend.TestAzureOpenAIBackend object at 0x12295cd60&gt;

    def test_init_missing_api_key(self):
        """Test initialization fails without API key."""
        with patch.dict(os.environ, {}, clear=True):
&gt;           with pytest.raises(ValueError, match="Azure OpenAI endpoint URL is required"):
                 ^^^^^^^^^^^^^^^^^^^^^^^^^^^^^^^^^^^^^^^^^^^^^^^^^^^^^^^^^^^^^^^^^^^^^^^^
E           AssertionError: Regex pattern did not match.
E             Expected regex: 'Azure OpenAI endpoint URL is required'
E             Actual message: 'Azure OpenAI API key is required. Set AZURE_OPENAI_API_KEY environment variable or pass api_key parameter.'

massgen/tests/test_azure_openai_backend.py:46: AssertionError</failure></testcase><testcase classname="massgen.tests.test_azure_openai_backend.TestAzureOpenAIBackend" name="test_init_missing_endpoint" time="0.000"><failure message="Failed: DID NOT RAISE &lt;class 'ValueError'&gt;">self = &lt;massgen.tests.test_azure_openai_backend.TestAzureOpenAIBackend object at 0x12295ce90&gt;

    def test_init_missing_endpoint(self):
        """Test initialization fails without endpoint."""
        with patch.dict(os.environ, {"AZURE_OPENAI_API_KEY": "test-key"}, clear=True):
&gt;           with pytest.raises(ValueError, match="Azure OpenAI endpoint URL is required"):
                 ^^^^^^^^^^^^^^^^^^^^^^^^^^^^^^^^^^^^^^^^^^^^^^^^^^^^^^^^^^^^^^^^^^^^^^^^
E           Failed: DID NOT RAISE &lt;class 'ValueError'&gt;

massgen/tests/test_azure_openai_backend.py:52: Failed</failure></testcase><testcase classname="massgen.tests.test_azure_openai_backend.TestAzureOpenAIBackend" name="test_init_missing_api_key_with_endpoint" time="0.000" /><testcase classname="massgen.tests.test_azure_openai_backend.TestAzureOpenAIBackend" name="test_base_url_normalization" time="0.000"><skipped type="pytest.xfail" message="Backend API drift: AzureOpenAIBackend missing azure_endpoint attribute expected by tests (.cursor/triage/tasks/cluster_4bbc1204e7.md)" /></testcase><testcase classname="massgen.tests.test_azure_openai_backend.TestAzureOpenAIBackend" name="test_get_provider_name" time="0.000" /><testcase classname="massgen.tests.test_azure_openai_backend.TestAzureOpenAIBackend" name="test_estimate_tokens" time="0.016" /><testcase classname="massgen.tests.test_azure_openai_backend.TestAzureOpenAIBackend" name="test_calculate_cost" time="0.204" /><testcase classname="massgen.tests.test_azure_openai_backend.TestAzureOpenAIBackend" name="test_stream_with_tools_missing_model" time="0.008" /><testcase classname="massgen.tests.test_azure_openai_backend.TestAzureOpenAIBackend" name="test_stream_with_tools_with_model" time="0.001"><failure message="AttributeError: &lt;massgen.backend.azure_openai.AzureOpenAIBackend object at 0x123ec6fd0&gt; does not have the attribute 'client'">self = &lt;massgen.tests.test_azure_openai_backend.TestAzureOpenAIBackend object at 0x12285e990&gt;

    @pytest.mark.asyncio
    async def test_stream_with_tools_with_model(self):
        """Test stream_with_tools works with model parameter."""
        backend = AzureOpenAIBackend(api_key="test-key", base_url="https://test.openai.azure.com/")
    
        messages = [{"role": "user", "content": "Hello"}]
        tools = []
    
        # Mock the client and create a mock stream response
        mock_chunk = MagicMock()
        mock_chunk.choices = [MagicMock()]
        mock_chunk.choices[0].delta = MagicMock()
        mock_chunk.choices[0].delta.content = "Hello"
        mock_chunk.choices[0].finish_reason = "stop"
    
        mock_stream = [mock_chunk]
    
&gt;       with patch.object(backend, "client") as mock_client:
             ^^^^^^^^^^^^^^^^^^^^^^^^^^^^^^^

massgen/tests/test_azure_openai_backend.py:142: 
_ _ _ _ _ _ _ _ _ _ _ _ _ _ _ _ _ _ _ _ _ _ _ _ _ _ _ _ _ _ _ _ _ _ _ _ _ _ _ _ 
/opt/homebrew/Cellar/python@3.13/3.13.11/Frameworks/Python.framework/Versions/3.13/lib/python3.13/unittest/mock.py:1497: in __enter__
    original, local = self.get_original()
                      ^^^^^^^^^^^^^^^^^^^
_ _ _ _ _ _ _ _ _ _ _ _ _ _ _ _ _ _ _ _ _ _ _ _ _ _ _ _ _ _ _ _ _ _ _ _ _ _ _ _ 

self = &lt;unittest.mock._patch object at 0x123d6a2c0&gt;

    def get_original(self):
        target = self.getter()
        name = self.attribute
    
        original = DEFAULT
        local = False
    
        try:
            original = target.__dict__[name]
        except (AttributeError, KeyError):
            original = getattr(target, name, DEFAULT)
        else:
            local = True
    
        if name in _builtins and isinstance(target, ModuleType):
            self.create = True
    
        if not self.create and original is DEFAULT:
&gt;           raise AttributeError(
                "%s does not have the attribute %r" % (target, name)
            )
E           AttributeError: &lt;massgen.backend.azure_openai.AzureOpenAIBackend object at 0x123ec6fd0&gt; does not have the attribute 'client'

/opt/homebrew/Cellar/python@3.13/3.13.11/Frameworks/Python.framework/Versions/3.13/lib/python3.13/unittest/mock.py:1467: AttributeError</failure></testcase><testcase classname="massgen.tests.test_backend_capabilities.TestBackendCapabilitiesRegistry" name="test_all_backends_have_required_fields" time="0.000" /><testcase classname="massgen.tests.test_backend_capabilities.TestBackendCapabilitiesRegistry" name="test_default_model_in_models_list" time="0.000" /><testcase classname="massgen.tests.test_backend_capabilities.TestBackendCapabilitiesRegistry" name="test_filesystem_support_values" time="0.000" /><testcase classname="massgen.tests.test_backend_capabilities.TestBackendCapabilitiesRegistry" name="test_no_empty_backend_types" time="0.000" /><testcase classname="massgen.tests.test_backend_capabilities.TestBackendCapabilitiesRegistry" name="test_capability_strings_are_valid" time="0.000" /><testcase classname="massgen.tests.test_backend_capabilities.TestCapabilityQueries" name="test_get_capabilities_existing_backend" time="0.000" /><testcase classname="massgen.tests.test_backend_capabilities.TestCapabilityQueries" name="test_get_capabilities_nonexistent_backend" time="0.000" /><testcase classname="massgen.tests.test_backend_capabilities.TestCapabilityQueries" name="test_has_capability_true" time="0.000" /><testcase classname="massgen.tests.test_backend_capabilities.TestCapabilityQueries" name="test_has_capability_false" time="0.000" /><testcase classname="massgen.tests.test_backend_capabilities.TestCapabilityQueries" name="test_has_capability_nonexistent_backend" time="0.000" /><testcase classname="massgen.tests.test_backend_capabilities.TestCapabilityQueries" name="test_get_all_backend_types" time="0.000" /><testcase classname="massgen.tests.test_backend_capabilities.TestCapabilityQueries" name="test_get_backends_with_capability" time="0.000" /><testcase classname="massgen.tests.test_backend_capabilities.TestBackendValidation" name="test_validate_valid_openai_config" time="0.000" /><testcase classname="massgen.tests.test_backend_capabilities.TestBackendValidation" name="test_validate_invalid_capability" time="0.000" /><testcase classname="massgen.tests.test_backend_capabilities.TestBackendValidation" name="test_validate_invalid_backend_type" time="0.000" /><testcase classname="massgen.tests.test_backend_capabilities.TestBackendValidation" name="test_validate_code_execution_variants" time="0.000" /><testcase classname="massgen.tests.test_backend_capabilities.TestBackendValidation" name="test_validate_mcp_servers" time="0.000" /><testcase classname="massgen.tests.test_backend_capabilities.TestSpecificBackends" name="test_openai_capabilities" time="0.000" /><testcase classname="massgen.tests.test_backend_capabilities.TestSpecificBackends" name="test_claude_capabilities" time="0.000" /><testcase classname="massgen.tests.test_backend_capabilities.TestSpecificBackends" name="test_claude_code_capabilities" time="0.000" /><testcase classname="massgen.tests.test_backend_capabilities.TestSpecificBackends" name="test_gemini_capabilities" time="0.000" /><testcase classname="massgen.tests.test_backend_capabilities.TestSpecificBackends" name="test_local_backends_no_api_key" time="0.000" /><testcase classname="massgen.tests.test_backend_capabilities.TestConsistency" name="test_filesystem_native_implies_capability" time="0.000" /><testcase classname="massgen.tests.test_backend_capabilities.TestConsistency" name="test_mcp_capability_consistency" time="0.000" /><testcase classname="massgen.tests.test_backend_cost_tracking" name="test_chat_completions_backend_usage_tracking" time="0.000"><skipped type="pytest.skip" message="integration test (enable with --run-integration or RUN_INTEGRATION=1)">/Users/admin/src/MassGen/massgen/tests/test_backend_cost_tracking.py:17: integration test (enable with --run-integration or RUN_INTEGRATION=1)</skipped></testcase><testcase classname="massgen.tests.test_backend_cost_tracking" name="test_claude_code_backend_usage_tracking" time="0.000"><skipped type="pytest.skip" message="integration test (enable with --run-integration or RUN_INTEGRATION=1)">/Users/admin/src/MassGen/massgen/tests/test_backend_cost_tracking.py:59: integration test (enable with --run-integration or RUN_INTEGRATION=1)</skipped></testcase><testcase classname="massgen.tests.test_backend_cost_tracking" name="test_o3_mini_reasoning_tokens_e2e" time="0.000"><skipped type="pytest.skip" message="integration test (enable with --run-integration or RUN_INTEGRATION=1)">/Users/admin/src/MassGen/massgen/tests/test_backend_cost_tracking.py:96: integration test (enable with --run-integration or RUN_INTEGRATION=1)</skipped></testcase><testcase classname="massgen.tests.test_backend_cost_tracking" name="test_claude_caching_e2e" time="0.000"><skipped type="pytest.skip" message="integration test (enable with --run-integration or RUN_INTEGRATION=1)">/Users/admin/src/MassGen/massgen/tests/test_backend_cost_tracking.py:136: integration test (enable with --run-integration or RUN_INTEGRATION=1)</skipped></testcase><testcase classname="massgen.tests.test_backend_event_loop_all" name="test_response_backend_stream_closes_client" time="0.001"><failure message="assert 0 == 1&#10; +  where 0 = len([])">monkeypatch = &lt;_pytest.monkeypatch.MonkeyPatch object at 0x123f218d0&gt;

    @pytest.mark.asyncio
    async def test_response_backend_stream_closes_client(monkeypatch):
        import sys
    
        created: List[_FakeOpenAIClient] = []
    
        def _factory(*args: Any, **kwargs: Any) -&gt; _FakeOpenAIClient:
            client = _FakeOpenAIClient(*args, **kwargs)
            created.append(client)
            return client
    
        # Inject fake openai module so in-function import resolves to our factory
        monkeypatch.setitem(sys.modules, "openai", SimpleNamespace(AsyncOpenAI=_factory))
    
        backend = ResponseBackend()
    
        messages = [{"role": "user", "content": "hi"}]
    
        # Drain the stream
        async for _ in backend.stream_with_tools(messages, tools=[], model="gpt-4o-mini"):
            pass
    
&gt;       assert len(created) == 1
E       assert 0 == 1
E        +  where 0 = len([])

massgen/tests/test_backend_event_loop_all.py:92: AssertionError</failure></testcase><testcase classname="massgen.tests.test_backend_event_loop_all" name="test_grok_backend_stream_closes_client" time="0.001" /><testcase classname="massgen.tests.test_backend_event_loop_all" name="test_claude_backend_stream_closes_client" time="0.031"><failure message="assert 0 == 1&#10; +  where 0 = len([])">monkeypatch = &lt;_pytest.monkeypatch.MonkeyPatch object at 0x123f22ba0&gt;

    @pytest.mark.asyncio
    async def test_claude_backend_stream_closes_client(monkeypatch):
        import sys
    
        created: List[_FakeAnthropicClient] = []
    
        def _factory(*args: Any, **kwargs: Any) -&gt; _FakeAnthropicClient:
            client = _FakeAnthropicClient(*args, **kwargs)
            created.append(client)
            return client
    
        # Inject fake anthropic module for dynamic import inside function
        monkeypatch.setitem(sys.modules, "anthropic", SimpleNamespace(AsyncAnthropic=_factory))
    
        backend = ClaudeBackend()
        messages = [{"role": "user", "content": "hi"}]
    
        async for _ in backend.stream_with_tools(messages, tools=[], model="claude-3.7-sonnet"):
            pass
    
&gt;       assert len(created) == 1
E       assert 0 == 1
E        +  where 0 = len([])

massgen/tests/test_backend_event_loop_all.py:177: AssertionError</failure></testcase><testcase classname="massgen.tests.test_background_shell" name="test_start_simple_command" time="0.511" /><testcase classname="massgen.tests.test_background_shell" name="test_capture_stdout" time="0.518" /><testcase classname="massgen.tests.test_background_shell" name="test_capture_stderr" time="0.514" /><testcase classname="massgen.tests.test_background_shell" name="test_long_running_command" time="0.515" /><testcase classname="massgen.tests.test_background_shell" name="test_failed_command" time="0.519" /><testcase classname="massgen.tests.test_background_shell" name="test_multiple_concurrent_shells" time="2.035" /><testcase classname="massgen.tests.test_background_shell" name="test_convenience_functions" time="0.524" /><testcase classname="massgen.tests.test_background_shell" name="test_convenience_kill_function" time="0.524" /><testcase classname="massgen.tests.test_background_shell" name="test_nonexistent_shell" time="0.001" /><testcase classname="massgen.tests.test_background_shell" name="test_kill_already_stopped" time="0.515" /><testcase classname="massgen.tests.test_background_shell" name="test_max_concurrent_limit" time="1.029" /><testcase classname="massgen.tests.test_background_shell" name="test_ring_buffer_overflow" time="0.517" /><testcase classname="massgen.tests.test_background_shell" name="test_command_with_cwd" time="0.526" /><testcase classname="massgen.tests.test_background_shell" name="test_command_with_env" time="0.517" /><testcase classname="massgen.tests.test_background_shell" name="test_duration_tracking" time="0.721" /><testcase classname="massgen.tests.test_binary_file_blocking.TestBinaryFileBlocking" name="test_block_read_image_with_read_tool" time="0.003" /><testcase classname="massgen.tests.test_binary_file_blocking.TestBinaryFileBlocking" name="test_block_read_text_file_image" time="0.001" /><testcase classname="massgen.tests.test_binary_file_blocking.TestBinaryFileBlocking" name="test_block_read_video" time="0.001" /><testcase classname="massgen.tests.test_binary_file_blocking.TestBinaryFileBlocking" name="test_block_read_audio" time="0.001" /><testcase classname="massgen.tests.test_binary_file_blocking.TestBinaryFileBlocking" name="test_allow_read_text_file" time="0.001" /><testcase classname="massgen.tests.test_binary_file_blocking.TestBinaryFileBlocking" name="test_allow_read_code_file" time="0.001" /><testcase classname="massgen.tests.test_binary_file_blocking.TestBinaryFileBlocking" name="test_block_all_image_formats" time="0.001" /><testcase classname="massgen.tests.test_binary_file_blocking.TestBinaryFileBlocking" name="test_block_all_video_formats" time="0.001"><failure message="AssertionError: Read should be blocked from reading .m4v files&#10;assert not True">self = &lt;massgen.tests.test_binary_file_blocking.TestBinaryFileBlocking object at 0x1228fd450&gt;
permission_manager = &lt;massgen.filesystem_manager._path_permission_manager.PathPermissionManager object at 0x123d66690&gt;

    @pytest.mark.asyncio
    async def test_block_all_video_formats(self, permission_manager):
        """Test that all video formats are blocked."""
        video_extensions = [".mp4", ".avi", ".mov", ".mkv", ".flv", ".wmv", ".webm", ".m4v", ".mpg", ".mpeg"]
    
        for ext in video_extensions:
            tool_name = "Read"
            tool_args = {"file_path": f"/tmp/test_workspace/video{ext}"}
    
            allowed, reason = await permission_manager.pre_tool_use_hook(tool_name, tool_args)
    
&gt;           assert not allowed, f"Read should be blocked from reading {ext} files"
E           AssertionError: Read should be blocked from reading .m4v files
E           assert not True

massgen/tests/test_binary_file_blocking.py:140: AssertionError</failure></testcase><testcase classname="massgen.tests.test_binary_file_blocking.TestBinaryFileBlocking" name="test_block_all_audio_formats" time="0.001"><failure message="AssertionError: Read should be blocked from reading .wma files&#10;assert not True">self = &lt;massgen.tests.test_binary_file_blocking.TestBinaryFileBlocking object at 0x1228fe950&gt;
permission_manager = &lt;massgen.filesystem_manager._path_permission_manager.PathPermissionManager object at 0x123f77550&gt;

    @pytest.mark.asyncio
    async def test_block_all_audio_formats(self, permission_manager):
        """Test that all audio formats are blocked."""
        audio_extensions = [".mp3", ".wav", ".ogg", ".flac", ".aac", ".m4a", ".wma"]
    
        for ext in audio_extensions:
            tool_name = "Read"
            tool_args = {"file_path": f"/tmp/test_workspace/audio{ext}"}
    
            allowed, reason = await permission_manager.pre_tool_use_hook(tool_name, tool_args)
    
&gt;           assert not allowed, f"Read should be blocked from reading {ext} files"
E           AssertionError: Read should be blocked from reading .wma files
E           assert not True

massgen/tests/test_binary_file_blocking.py:154: AssertionError</failure></testcase><testcase classname="massgen.tests.test_binary_file_blocking.TestBinaryFileBlocking" name="test_block_archive_formats" time="0.000" /><testcase classname="massgen.tests.test_binary_file_blocking.TestBinaryFileBlocking" name="test_block_executable_formats" time="0.000"><failure message="AssertionError: Read should be blocked from reading .o files&#10;assert not True">self = &lt;massgen.tests.test_binary_file_blocking.TestBinaryFileBlocking object at 0x1229558b0&gt;
permission_manager = &lt;massgen.filesystem_manager._path_permission_manager.PathPermissionManager object at 0x124388320&gt;

    @pytest.mark.asyncio
    async def test_block_executable_formats(self, permission_manager):
        """Test that executable/binary formats are blocked."""
        binary_extensions = [".exe", ".bin", ".dll", ".so", ".dylib", ".o", ".a", ".pyc", ".class", ".jar"]
    
        for ext in binary_extensions:
            tool_name = "Read"
            tool_args = {"file_path": f"/tmp/test_workspace/binary{ext}"}
    
            allowed, reason = await permission_manager.pre_tool_use_hook(tool_name, tool_args)
    
&gt;           assert not allowed, f"Read should be blocked from reading {ext} files"
E           AssertionError: Read should be blocked from reading .o files
E           assert not True

massgen/tests/test_binary_file_blocking.py:182: AssertionError</failure></testcase><testcase classname="massgen.tests.test_binary_file_blocking.TestBinaryFileBlocking" name="test_block_old_office_formats" time="0.000" /><testcase classname="massgen.tests.test_binary_file_blocking.TestBinaryFileBlocking" name="test_block_office_formats" time="0.000" /><testcase classname="massgen.tests.test_binary_file_blocking.TestBinaryFileBlocking" name="test_case_insensitive_extension_check" time="0.000" /><testcase classname="massgen.tests.test_binary_file_blocking.TestBinaryFileBlocking" name="test_non_text_read_tools_not_affected" time="0.001" /><testcase classname="massgen.tests.test_binary_file_blocking.TestBinaryFileBlocking" name="test_helpful_error_messages" time="0.000" /><testcase classname="massgen.tests.test_chat_completions_refactor" name="test_openai_backend" time="0.001"><skipped type="pytest.xfail" message="Backend API drift: ChatCompletionsBackend missing base_url attribute expected by tests (.cursor/triage/tasks/cluster_f6383dd4cb.md)" /></testcase><testcase classname="massgen.tests.test_chat_completions_refactor" name="test_together_ai_backend" time="0.000"><skipped type="pytest.xfail" message="Backend API drift: ChatCompletionsBackend missing base_url attribute expected by tests (.cursor/triage/tasks/cluster_f6383dd4cb.md)" /></testcase><testcase classname="massgen.tests.test_chat_completions_refactor" name="test_cerebras_backend" time="0.000"><skipped type="pytest.xfail" message="Backend API drift: ChatCompletionsBackend missing base_url attribute expected by tests (.cursor/triage/tasks/cluster_f6383dd4cb.md)" /></testcase><testcase classname="massgen.tests.test_chat_completions_refactor" name="test_tool_conversion" time="0.000"><failure message="AttributeError: 'ChatCompletionsBackend' object has no attribute 'convert_tools_to_chat_completions_format'">async def test_tool_conversion():
        """Test tool format conversion."""
        print("\n#x1F527 Testing tool format conversion...")
    
        backend = ChatCompletionsBackend()
    
        # Test Response API format conversion
        response_tools = [
            {
                "type": "function",
                "name": "get_weather",
                "description": "Get weather information",
                "parameters": {
                    "type": "object",
                    "properties": {"location": {"type": "string"}},
                    "required": ["location"],
                },
            },
        ]
    
&gt;       converted = backend.convert_tools_to_chat_completions_format(response_tools)
                    ^^^^^^^^^^^^^^^^^^^^^^^^^^^^^^^^^^^^^^^^^^^^^^^^
E       AttributeError: 'ChatCompletionsBackend' object has no attribute 'convert_tools_to_chat_completions_format'

massgen/tests/test_chat_completions_refactor.py:88: AttributeError</failure></testcase><testcase classname="massgen.tests.test_claude_backend" name="test_claude_basic_streaming" time="0.006" /><testcase classname="massgen.tests.test_claude_backend" name="test_claude_tool_calling" time="0.005" /><testcase classname="massgen.tests.test_claude_backend" name="test_claude_multi_tool_support" time="0.004" /><testcase classname="massgen.tests.test_claude_backend" name="test_claude_message_conversion" time="0.000"><failure message="AttributeError: 'ClaudeBackend' object has no attribute 'convert_messages_to_claude_format'">async def test_claude_message_conversion():
        """Test Claude's message format conversion capabilities."""
        print("\n#x1F9EA Testing Claude Message Conversion...")
    
        backend = ClaudeBackend()
    
        # Test with tool result message (Chat Completions format)
        messages = [
            {"role": "user", "content": "What's 5 + 3?"},
            {
                "role": "assistant",
                "content": "Let me calculate that.",
                "tool_calls": [
                    {
                        "id": "call_123",
                        "type": "function",
                        "function": {"name": "add", "arguments": {"a": 5, "b": 3}},
                    },
                ],
            },
            {"role": "tool", "tool_call_id": "call_123", "content": "8"},
        ]
    
        # Convert messages
&gt;       converted, system_msg = backend.convert_messages_to_claude_format(messages)
                                ^^^^^^^^^^^^^^^^^^^^^^^^^^^^^^^^^^^^^^^^^
E       AttributeError: 'ClaudeBackend' object has no attribute 'convert_messages_to_claude_format'

massgen/tests/test_claude_backend.py:188: AttributeError</failure></testcase><testcase classname="massgen.tests.test_claude_backend" name="test_claude_error_handling" time="0.004" /><testcase classname="massgen.tests.test_claude_backend" name="test_claude_token_pricing" time="0.203" /><testcase classname="massgen.tests.test_claude_code" name="test_real_stream_with_tools" time="0.000" /><testcase classname="massgen.tests.test_claude_code" name="test_with_workflow_tools" time="0.000"><failure message="ValueError: Claude Code backend requires 'cwd' configuration for workspace management">async def test_with_workflow_tools():
        """Test with MassGen workflow tools."""
    
        print("\n" + "=" * 60)
        print("#x1F6E0️  Testing with workflow tools...")
    
&gt;       backend = ClaudeCodeBackend()
                  ^^^^^^^^^^^^^^^^^^^

massgen/tests/test_claude_code.py:155: 
_ _ _ _ _ _ _ _ _ _ _ _ _ _ _ _ _ _ _ _ _ _ _ _ _ _ _ _ _ _ _ _ _ _ _ _ _ _ _ _ 

self = &lt;massgen.backend.claude_code.ClaudeCodeBackend object at 0x123e702f0&gt;
api_key = None, kwargs = {}

    def __init__(self, api_key: Optional[str] = None, **kwargs):
        """Initialize ClaudeCodeBackend.
    
        Args:
            api_key: Anthropic API key (falls back to CLAUDE_CODE_API_KEY,
                    then ANTHROPIC_API_KEY env vars). If None, will attempt
                    to use Claude subscription authentication
            **kwargs: Additional configuration options including:
                - model: Claude model name
                - system_prompt: Base system prompt
                - allowed_tools: List of allowed tools
                - max_thinking_tokens: Maximum thinking tokens
                - cwd: Current working directory
    
        Note:
            Authentication is validated on first use. If neither API key nor
            subscription authentication is available, errors will surface when
            attempting to use the backend.
        """
        # Claude Code SDK doesn't support allowed_tools/disallowed_tools for MCP tools
        # See: https://github.com/anthropics/claude-code/issues/7328
        # Use mcpwrapped to filter tools at protocol level when exclude_file_operation_mcps is True
        if kwargs.get("exclude_file_operation_mcps", False):
            kwargs["use_mcpwrapped_for_tool_filtering"] = True
            logger.info("[ClaudeCodeBackend] Enabling mcpwrapped for MCP tool filtering (exclude_file_operation_mcps=True)")
    
        super().__init__(api_key, **kwargs)
    
        self.api_key = api_key or os.getenv("CLAUDE_CODE_API_KEY") or os.getenv("ANTHROPIC_API_KEY")
        self.use_subscription_auth = not bool(self.api_key)
    
        # Set API key in environment for SDK if provided
        if self.api_key:
            os.environ["ANTHROPIC_API_KEY"] = self.api_key
    
        # Set git-bash path for Windows compatibility
        if sys.platform == "win32" and not os.environ.get("CLAUDE_CODE_GIT_BASH_PATH"):
            import shutil
    
            bash_path = shutil.which("bash")
            if bash_path:
                os.environ["CLAUDE_CODE_GIT_BASH_PATH"] = bash_path
                print(f"[ClaudeCodeBackend] Set CLAUDE_CODE_GIT_BASH_PATH={bash_path}")
    
        # Comprehensive Windows subprocess cleanup warning suppression
        if sys.platform == "win32":
            self._setup_windows_subprocess_cleanup_suppression()
    
        # Single ClaudeSDKClient for this backend instance
        self._client: Optional[Any] = None  # ClaudeSDKClient
        self._current_session_id: Optional[str] = None
    
        # Get workspace paths from filesystem manager (required for Claude Code)
        # The filesystem manager handles all workspace setup and management
        if not self.filesystem_manager:
&gt;           raise ValueError("Claude Code backend requires 'cwd' configuration for workspace management")
E           ValueError: Claude Code backend requires 'cwd' configuration for workspace management

massgen/backend/claude_code.py:155: ValueError</failure></testcase><testcase classname="massgen.tests.test_claude_code_context_sharing" name="test_orchestrator_initialization_with_context_sharing" time="0.002"><error message="failed on setup with &quot;TypeError: Can't instantiate abstract class MockClaudeCodeAgent without an implementation for abstract methods 'get_configurable_system_message', 'get_status', 'reset'&quot;">@pytest.fixture
    def mock_agents():
        """Create mock Claude Code agents."""
        agents = {}
        for i in range(1, 4):
            agent_id = f"claude_code_{i}"
            cwd = f"test_workspace/agent_{i}"
&gt;           agents[agent_id] = MockClaudeCodeAgent(agent_id, cwd)
                               ^^^^^^^^^^^^^^^^^^^^^^^^^^^^^^^^^^
E           TypeError: Can't instantiate abstract class MockClaudeCodeAgent without an implementation for abstract methods 'get_configurable_system_message', 'get_status', 'reset'

massgen/tests/test_claude_code_context_sharing.py:81: TypeError</error></testcase><testcase classname="massgen.tests.test_claude_code_context_sharing" name="test_snapshot_saving" time="0.001"><error message="failed on setup with &quot;TypeError: Can't instantiate abstract class MockClaudeCodeAgent without an implementation for abstract methods 'get_configurable_system_message', 'get_status', 'reset'&quot;">@pytest.fixture
    def mock_agents():
        """Create mock Claude Code agents."""
        agents = {}
        for i in range(1, 4):
            agent_id = f"claude_code_{i}"
            cwd = f"test_workspace/agent_{i}"
&gt;           agents[agent_id] = MockClaudeCodeAgent(agent_id, cwd)
                               ^^^^^^^^^^^^^^^^^^^^^^^^^^^^^^^^^^
E           TypeError: Can't instantiate abstract class MockClaudeCodeAgent without an implementation for abstract methods 'get_configurable_system_message', 'get_status', 'reset'

massgen/tests/test_claude_code_context_sharing.py:81: TypeError</error></testcase><testcase classname="massgen.tests.test_claude_code_context_sharing" name="test_workspace_restoration_with_anonymization" time="0.001"><error message="failed on setup with &quot;TypeError: Can't instantiate abstract class MockClaudeCodeAgent without an implementation for abstract methods 'get_configurable_system_message', 'get_status', 'reset'&quot;">@pytest.fixture
    def mock_agents():
        """Create mock Claude Code agents."""
        agents = {}
        for i in range(1, 4):
            agent_id = f"claude_code_{i}"
            cwd = f"test_workspace/agent_{i}"
&gt;           agents[agent_id] = MockClaudeCodeAgent(agent_id, cwd)
                               ^^^^^^^^^^^^^^^^^^^^^^^^^^^^^^^^^^
E           TypeError: Can't instantiate abstract class MockClaudeCodeAgent without an implementation for abstract methods 'get_configurable_system_message', 'get_status', 'reset'

massgen/tests/test_claude_code_context_sharing.py:81: TypeError</error></testcase><testcase classname="massgen.tests.test_claude_code_context_sharing" name="test_save_all_snapshots" time="0.001"><error message="failed on setup with &quot;TypeError: Can't instantiate abstract class MockClaudeCodeAgent without an implementation for abstract methods 'get_configurable_system_message', 'get_status', 'reset'&quot;">@pytest.fixture
    def mock_agents():
        """Create mock Claude Code agents."""
        agents = {}
        for i in range(1, 4):
            agent_id = f"claude_code_{i}"
            cwd = f"test_workspace/agent_{i}"
&gt;           agents[agent_id] = MockClaudeCodeAgent(agent_id, cwd)
                               ^^^^^^^^^^^^^^^^^^^^^^^^^^^^^^^^^^
E           TypeError: Can't instantiate abstract class MockClaudeCodeAgent without an implementation for abstract methods 'get_configurable_system_message', 'get_status', 'reset'

massgen/tests/test_claude_code_context_sharing.py:81: TypeError</error></testcase><testcase classname="massgen.tests.test_claude_code_context_sharing" name="test_non_claude_code_agents_ignored" time="0.001"><failure message="TypeError: Can't instantiate abstract class MockClaudeCodeAgent without an implementation for abstract methods 'get_configurable_system_message', 'get_status', 'reset'">test_workspace = {'snapshot_storage': '/private/var/folders/s6/wh4j5vn56x5dd00v0v5h8h9h0000gp/T/pytest-of-admin/pytest-33/test_non_clau...s/s6/wh4j5vn56x5dd00v0v5h8h9h0000gp/T/pytest-of-admin/pytest-33/test_non_claude_code_agents_ig0/test_context_sharing')}

    def test_non_claude_code_agents_ignored(test_workspace):
        """Test that non-Claude Code agents are ignored for context sharing."""
    
        # Create mixed agents (some Claude Code, some not)
        agents = {
&gt;           "claude_code_1": MockClaudeCodeAgent("claude_code_1"),
                             ^^^^^^^^^^^^^^^^^^^^^^^^^^^^^^^^^^^^
            "regular_agent": MagicMock(backend=MagicMock(get_provider_name=lambda: "openai")),
        }
E       TypeError: Can't instantiate abstract class MockClaudeCodeAgent without an implementation for abstract methods 'get_configurable_system_message', 'get_status', 'reset'

massgen/tests/test_claude_code_context_sharing.py:215: TypeError</failure></testcase><testcase classname="massgen.tests.test_claude_code_orchestrator" name="test_claude_code_with_orchestrator" time="0.000"><failure message="ValueError: Claude Code backend requires 'cwd' configuration for workspace management">async def test_claude_code_with_orchestrator():
        """Test Claude Code backend with MassGen Orchestrator."""
    
        print("#x1F680 Testing Claude Code Backend with MassGen Orchestrator")
        print("=" * 60)
    
        # Create Claude Code backend
&gt;       backend = ClaudeCodeBackend()
                  ^^^^^^^^^^^^^^^^^^^

massgen/tests/test_claude_code_orchestrator.py:28: 
_ _ _ _ _ _ _ _ _ _ _ _ _ _ _ _ _ _ _ _ _ _ _ _ _ _ _ _ _ _ _ _ _ _ _ _ _ _ _ _ 

self = &lt;massgen.backend.claude_code.ClaudeCodeBackend object at 0x123cd3110&gt;
api_key = None, kwargs = {}

    def __init__(self, api_key: Optional[str] = None, **kwargs):
        """Initialize ClaudeCodeBackend.
    
        Args:
            api_key: Anthropic API key (falls back to CLAUDE_CODE_API_KEY,
                    then ANTHROPIC_API_KEY env vars). If None, will attempt
                    to use Claude subscription authentication
            **kwargs: Additional configuration options including:
                - model: Claude model name
                - system_prompt: Base system prompt
                - allowed_tools: List of allowed tools
                - max_thinking_tokens: Maximum thinking tokens
                - cwd: Current working directory
    
        Note:
            Authentication is validated on first use. If neither API key nor
            subscription authentication is available, errors will surface when
            attempting to use the backend.
        """
        # Claude Code SDK doesn't support allowed_tools/disallowed_tools for MCP tools
        # See: https://github.com/anthropics/claude-code/issues/7328
        # Use mcpwrapped to filter tools at protocol level when exclude_file_operation_mcps is True
        if kwargs.get("exclude_file_operation_mcps", False):
            kwargs["use_mcpwrapped_for_tool_filtering"] = True
            logger.info("[ClaudeCodeBackend] Enabling mcpwrapped for MCP tool filtering (exclude_file_operation_mcps=True)")
    
        super().__init__(api_key, **kwargs)
    
        self.api_key = api_key or os.getenv("CLAUDE_CODE_API_KEY") or os.getenv("ANTHROPIC_API_KEY")
        self.use_subscription_auth = not bool(self.api_key)
    
        # Set API key in environment for SDK if provided
        if self.api_key:
            os.environ["ANTHROPIC_API_KEY"] = self.api_key
    
        # Set git-bash path for Windows compatibility
        if sys.platform == "win32" and not os.environ.get("CLAUDE_CODE_GIT_BASH_PATH"):
            import shutil
    
            bash_path = shutil.which("bash")
            if bash_path:
                os.environ["CLAUDE_CODE_GIT_BASH_PATH"] = bash_path
                print(f"[ClaudeCodeBackend] Set CLAUDE_CODE_GIT_BASH_PATH={bash_path}")
    
        # Comprehensive Windows subprocess cleanup warning suppression
        if sys.platform == "win32":
            self._setup_windows_subprocess_cleanup_suppression()
    
        # Single ClaudeSDKClient for this backend instance
        self._client: Optional[Any] = None  # ClaudeSDKClient
        self._current_session_id: Optional[str] = None
    
        # Get workspace paths from filesystem manager (required for Claude Code)
        # The filesystem manager handles all workspace setup and management
        if not self.filesystem_manager:
&gt;           raise ValueError("Claude Code backend requires 'cwd' configuration for workspace management")
E           ValueError: Claude Code backend requires 'cwd' configuration for workspace management

massgen/backend/claude_code.py:155: ValueError</failure></testcase><testcase classname="massgen.tests.test_claude_code_orchestrator" name="test_stateful_behavior" time="0.000" /><testcase classname="massgen.tests.test_cli_backends" name="test_cli_base_functionality" time="0.102" /><testcase classname="massgen.tests.test_cli_backends" name="test_claude_code_cli_command_building" time="0.000" /><testcase classname="massgen.tests.test_cli_backends" name="test_configuration_files" time="0.000" /><testcase classname="massgen.tests.test_cli_backends" name="test_end_to_end_mock" time="0.103" /><testcase classname="massgen.tests.test_code_based_tools_integration.TestCodeBasedToolsIntegration" name="test_setup_code_based_tools_creates_directories" time="0.007" /><testcase classname="massgen.tests.test_code_based_tools_integration.TestCodeBasedToolsIntegration" name="test_setup_code_based_tools_generates_tool_wrappers" time="0.003" /><testcase classname="massgen.tests.test_code_based_tools_integration.TestCodeBasedToolsIntegration" name="test_setup_code_based_tools_generates_mcp_client" time="0.003" /><testcase classname="massgen.tests.test_code_based_tools_integration.TestCodeBasedToolsIntegration" name="test_setup_code_based_tools_generates_servers_json" time="0.003" /><testcase classname="massgen.tests.test_code_based_tools_integration.TestCodeBasedToolsIntegration" name="test_setup_code_based_tools_generates_servers_init" time="0.002" /><testcase classname="massgen.tests.test_code_based_tools_integration.TestCodeBasedToolsIntegration" name="test_generated_server_init_imports" time="0.003" /><testcase classname="massgen.tests.test_code_based_tools_integration.TestCodeBasedToolsIntegration" name="test_custom_tools_directory_created" time="0.003" /><testcase classname="massgen.tests.test_code_based_tools_integration.TestCodeBasedToolsIntegration" name="test_extract_mcp_tool_schemas_organizes_by_server" time="0.001" /><testcase classname="massgen.tests.test_code_based_tools_integration.TestCodeBasedToolsIntegration" name="test_extract_mcp_tool_schemas_strips_prefix" time="0.001" /><testcase classname="massgen.tests.test_code_based_tools_integration.TestCodeBasedToolsIntegration" name="test_extract_mcp_tool_schemas_preserves_schemas" time="0.001" /><testcase classname="massgen.tests.test_code_based_tools_integration.TestCodeBasedToolsIntegration" name="test_setup_code_based_tools_disabled_does_nothing" time="0.001" /><testcase classname="massgen.tests.test_code_based_tools_integration.TestCodeBasedToolsIntegration" name="test_tool_code_writer_creates_complete_structure" time="0.002" /><testcase classname="massgen.tests.test_code_based_tools_integration.TestCodeBasedToolsIntegration" name="test_code_generator_produces_importable_code" time="0.001" /><testcase classname="massgen.tests.test_code_based_tools_integration.TestCodeBasedToolsIntegration" name="test_shared_tools_directory_generates_in_shared_location" time="0.003" /><testcase classname="massgen.tests.test_code_based_tools_integration.TestCodeBasedToolsIntegration" name="test_shared_tools_directory_skips_regeneration" time="0.004" /><testcase classname="massgen.tests.test_code_based_tools_integration.TestCodeBasedToolsIntegration" name="test_shared_tools_directory_adds_to_read_only_paths" time="0.003" /><testcase classname="massgen.tests.test_code_based_tools_integration.TestCodeBasedToolsIntegration" name="test_without_shared_tools_directory_uses_workspace" time="0.003" /><testcase classname="massgen.tests.test_code_execution.TestCodeExecutionBasics" name="test_simple_python_command" time="0.037" /><testcase classname="massgen.tests.test_code_execution.TestCodeExecutionBasics" name="test_python_script_execution" time="0.027" /><testcase classname="massgen.tests.test_code_execution.TestCodeExecutionBasics" name="test_command_with_error" time="0.026" /><testcase classname="massgen.tests.test_code_execution.TestCodeExecutionBasics" name="test_command_timeout" time="1.011" /><testcase classname="massgen.tests.test_code_execution.TestCodeExecutionBasics" name="test_working_directory" time="0.032" /><testcase classname="massgen.tests.test_code_execution.TestPathValidation" name="test_path_exists_validation" time="0.007" /><testcase classname="massgen.tests.test_code_execution.TestPathValidation" name="test_relative_path_resolution" time="0.029" /><testcase classname="massgen.tests.test_code_execution.TestCommandSanitization" name="test_dangerous_command_patterns" time="0.001" /><testcase classname="massgen.tests.test_code_execution.TestCommandSanitization" name="test_safe_commands_pass" time="0.000" /><testcase classname="massgen.tests.test_code_execution.TestSudoSanitization" name="test_sudo_blocked_by_default" time="0.000" /><testcase classname="massgen.tests.test_code_execution.TestSudoSanitization" name="test_sudo_allowed_when_enabled" time="0.000" /><testcase classname="massgen.tests.test_code_execution.TestSudoSanitization" name="test_other_dangerous_patterns_still_blocked_with_sudo" time="0.000" /><testcase classname="massgen.tests.test_code_execution.TestSudoSanitization" name="test_su_chown_chmod_blocked_without_sudo_flag" time="0.000" /><testcase classname="massgen.tests.test_code_execution.TestSudoSanitization" name="test_su_chown_chmod_allowed_with_sudo_flag" time="0.000" /><testcase classname="massgen.tests.test_code_execution.TestSudoSanitization" name="test_local_mode_blocks_sudo" time="0.000" /><testcase classname="massgen.tests.test_code_execution.TestSudoSanitization" name="test_docker_sudo_mode_allows_sudo" time="0.000" /><testcase classname="massgen.tests.test_code_execution.TestOutputHandling" name="test_stdout_capture" time="0.027" /><testcase classname="massgen.tests.test_code_execution.TestOutputHandling" name="test_stderr_capture" time="0.027" /><testcase classname="massgen.tests.test_code_execution.TestOutputHandling" name="test_large_output_handling" time="0.027" /><testcase classname="massgen.tests.test_code_execution.TestCrossPlatform" name="test_python_version_check" time="0.015" /><testcase classname="massgen.tests.test_code_execution.TestCrossPlatform" name="test_pip_install" time="0.027"><failure message="assert 1 == 0">self = &lt;massgen.tests.test_code_
[...]
st_plan_creation" time="0.000" /><testcase classname="massgen.tests.test_planning_tools.TestTaskPlan" name="test_add_task_simple" time="0.000" /><testcase classname="massgen.tests.test_planning_tools.TestTaskPlan" name="test_add_task_with_dependencies" time="0.000" /><testcase classname="massgen.tests.test_planning_tools.TestTaskPlan" name="test_add_task_invalid_dependency" time="0.000" /><testcase classname="massgen.tests.test_planning_tools.TestTaskPlan" name="test_add_task_duplicate_id" time="0.000" /><testcase classname="massgen.tests.test_planning_tools.TestTaskPlan" name="test_get_task" time="0.000" /><testcase classname="massgen.tests.test_planning_tools.TestTaskPlan" name="test_can_start_task_no_dependencies" time="0.000" /><testcase classname="massgen.tests.test_planning_tools.TestTaskPlan" name="test_can_start_task_with_completed_dependencies" time="0.000" /><testcase classname="massgen.tests.test_planning_tools.TestTaskPlan" name="test_can_start_task_with_incomplete_dependencies" time="0.000" /><testcase classname="massgen.tests.test_planning_tools.TestTaskPlan" name="test_get_ready_tasks" time="0.000" /><testcase classname="massgen.tests.test_planning_tools.TestTaskPlan" name="test_get_blocked_tasks" time="0.000" /><testcase classname="massgen.tests.test_planning_tools.TestTaskPlan" name="test_get_blocking_tasks" time="0.000" /><testcase classname="massgen.tests.test_planning_tools.TestTaskPlan" name="test_update_task_status" time="0.000" /><testcase classname="massgen.tests.test_planning_tools.TestTaskPlan" name="test_update_task_status_to_completed" time="0.000" /><testcase classname="massgen.tests.test_planning_tools.TestTaskPlan" name="test_update_task_status_unblocks_dependent_tasks" time="0.000" /><testcase classname="massgen.tests.test_planning_tools.TestTaskPlan" name="test_update_task_status_nonexistent_task" time="0.000" /><testcase classname="massgen.tests.test_planning_tools.TestTaskPlan" name="test_edit_task" time="0.000" /><testcase classname="massgen.tests.test_planning_tools.TestTaskPlan" name="test_edit_task_nonexistent" time="0.000" /><testcase classname="massgen.tests.test_planning_tools.TestTaskPlan" name="test_delete_task" time="0.000" /><testcase classname="massgen.tests.test_planning_tools.TestTaskPlan" name="test_delete_task_with_dependents" time="0.000" /><testcase classname="massgen.tests.test_planning_tools.TestTaskPlan" name="test_delete_task_nonexistent" time="0.000" /><testcase classname="massgen.tests.test_planning_tools.TestTaskPlan" name="test_validate_dependencies_simple" time="0.000" /><testcase classname="massgen.tests.test_planning_tools.TestTaskPlan" name="test_validate_dependencies_index_based" time="0.000" /><testcase classname="massgen.tests.test_planning_tools.TestTaskPlan" name="test_validate_dependencies_invalid_index" time="0.000" /><testcase classname="massgen.tests.test_planning_tools.TestTaskPlan" name="test_validate_dependencies_forward_reference" time="0.000" /><testcase classname="massgen.tests.test_planning_tools.TestTaskPlan" name="test_validate_dependencies_self_reference" time="0.000" /><testcase classname="massgen.tests.test_planning_tools.TestTaskPlan" name="test_validate_dependencies_nonexistent_id" time="0.000" /><testcase classname="massgen.tests.test_planning_tools.TestTaskPlan" name="test_circular_dependency_detection" time="0.000" /><testcase classname="massgen.tests.test_planning_tools.TestTaskPlan" name="test_plan_serialization" time="0.000" /><testcase classname="massgen.tests.test_planning_tools.TestTaskPlanComplexScenarios" name="test_parallel_tasks" time="0.000" /><testcase classname="massgen.tests.test_planning_tools.TestTaskPlanComplexScenarios" name="test_diamond_dependency" time="0.000" /><testcase classname="massgen.tests.test_planning_tools.TestTaskPlanComplexScenarios" name="test_long_chain" time="0.000" /><testcase classname="massgen.tests.test_planning_tools.TestMCPServerIntegration" name="test_create_task_plan_simple" time="0.000" /><testcase classname="massgen.tests.test_planning_tools.TestMCPServerIntegration" name="test_resolve_dependency_references_index_based" time="0.000" /><testcase classname="massgen.tests.test_planning_tools.TestMCPServerIntegration" name="test_resolve_dependency_references_mixed" time="0.000" /><testcase classname="massgen.tests.test_planning_tools.TestMCPServerIntegration" name="test_resolve_dependency_references_invalid_index" time="0.000" /><testcase classname="massgen.tests.test_planning_tools.TestMCPServerIntegration" name="test_resolve_dependency_references_forward_reference" time="0.000" /><testcase classname="massgen.tests.test_programmatic_api.TestBuildConfig" name="test_build_config_default" time="0.000"><failure message="AssertionError: assert 'gpt-5.1-codex' == 'gpt-5'&#10;  &#10;  #x1B[0m#x1B[91m- gpt-5#x1B[39;49;00m#x1B[90m#x1B[39;49;00m&#10;  #x1B[92m+ gpt-5.1-codex#x1B[39;49;00m#x1B[90m#x1B[39;49;00m">self = &lt;massgen.tests.test_programmatic_api.TestBuildConfig object at 0x123bbbb10&gt;

    def test_build_config_default(self):
        """Test default config generation (no parameters)."""
        config = build_config()
    
        assert "agents" in config
        assert len(config["agents"]) == 2  # Default is 2 agents
        assert "orchestrator" in config
    
        # Check default model is gpt-5
        for agent in config["agents"]:
&gt;           assert agent["backend"]["model"] == "gpt-5"
E           AssertionError: assert 'gpt-5.1-codex' == 'gpt-5'
E             
E             #x1B[0m#x1B[91m- gpt-5#x1B[39;49;00m#x1B[90m#x1B[39;49;00m
E             #x1B[92m+ gpt-5.1-codex#x1B[39;49;00m#x1B[90m#x1B[39;49;00m

massgen/tests/test_programmatic_api.py:33: AssertionError</failure></testcase><testcase classname="massgen.tests.test_programmatic_api.TestBuildConfig" name="test_build_config_with_num_agents" time="0.000" /><testcase classname="massgen.tests.test_programmatic_api.TestBuildConfig" name="test_build_config_with_single_model" time="0.000" /><testcase classname="massgen.tests.test_programmatic_api.TestBuildConfig" name="test_build_config_with_multiple_models" time="0.000" /><testcase classname="massgen.tests.test_programmatic_api.TestBuildConfig" name="test_build_config_with_explicit_backends" time="0.000" /><testcase classname="massgen.tests.test_programmatic_api.TestBuildConfig" name="test_build_config_with_docker" time="0.000" /><testcase classname="massgen.tests.test_programmatic_api.TestBuildConfig" name="test_build_config_without_docker" time="0.000" /><testcase classname="massgen.tests.test_programmatic_api.TestBuildConfig" name="test_build_config_with_context_path" time="0.000"><failure message="TypeError: build_config() got an unexpected keyword argument 'context_path'. Did you mean 'context_paths'?">self = &lt;massgen.tests.test_programmatic_api.TestBuildConfig object at 0x123c78750&gt;

    def test_build_config_with_context_path(self):
        """Test config with context path for file operations."""
&gt;       config = build_config(
            model="gpt-5",
            num_agents=2,
            context_path="/tmp/test_project",
        )
E       TypeError: build_config() got an unexpected keyword argument 'context_path'. Did you mean 'context_paths'?

massgen/tests/test_programmatic_api.py:91: TypeError</failure></testcase><testcase classname="massgen.tests.test_programmatic_api.TestBuildConfig" name="test_build_config_auto_detects_backend" time="0.000" /><testcase classname="massgen.tests.test_programmatic_api.TestBuildConfig" name="test_build_config_slash_format" time="0.000" /><testcase classname="massgen.tests.test_programmatic_api.TestBuildConfig" name="test_build_config_slash_format_mixed" time="0.000" /><testcase classname="massgen.tests.test_programmatic_api.TestBuildConfig" name="test_build_config_slash_format_single_model" time="0.000" /><testcase classname="massgen.tests.test_programmatic_api.TestBuildConfig" name="test_build_config_slash_format_cerebras" time="0.000" /><testcase classname="massgen.tests.test_programmatic_api.TestBuildConfig" name="test_build_config_base_url_auto_fill" time="0.000" /><testcase classname="massgen.tests.test_programmatic_api.TestBuildConfig" name="test_build_config_base_url_qwen" time="0.000" /><testcase classname="massgen.tests.test_programmatic_api.TestLiteLLMProvider" name="test_litellm_available" time="0.000" /><testcase classname="massgen.tests.test_programmatic_api.TestLiteLLMProvider" name="test_register_with_litellm" time="0.000" /><testcase classname="massgen.tests.test_programmatic_api.TestLiteLLMProvider" name="test_register_idempotent" time="0.000" /><testcase classname="massgen.tests.test_programmatic_api.TestLiteLLMProvider" name="test_massgen_llm_class_exists" time="0.000" /><testcase classname="massgen.tests.test_programmatic_api.TestLiteLLMProvider" name="test_massgen_llm_instantiation" time="0.000" /><testcase classname="massgen.tests.test_programmatic_api.TestModelStringParsing" name="test_parse_model_build" time="0.000" /><testcase classname="massgen.tests.test_programmatic_api.TestModelStringParsing" name="test_parse_model_single_agent" time="0.000" /><testcase classname="massgen.tests.test_programmatic_api.TestModelStringParsing" name="test_parse_model_config_path" time="0.000" /><testcase classname="massgen.tests.test_programmatic_api.TestModelStringParsing" name="test_parse_model_example_config" time="0.000" /><testcase classname="massgen.tests.test_programmatic_api.TestModelStringParsing" name="test_parse_model_various_examples" time="0.000" /><testcase classname="massgen.tests.test_programmatic_api.TestQueryExtraction" name="test_extract_query_simple" time="0.000" /><testcase classname="massgen.tests.test_programmatic_api.TestQueryExtraction" name="test_extract_query_last_user_message" time="0.000" /><testcase classname="massgen.tests.test_programmatic_api.TestQueryExtraction" name="test_extract_query_multimodal_content" time="0.000" /><testcase classname="massgen.tests.test_programmatic_api.TestQueryExtraction" name="test_extract_query_empty_messages" time="0.000" /><testcase classname="massgen.tests.test_programmatic_api.TestQueryExtraction" name="test_extract_query_no_user_message" time="0.000" /><testcase classname="massgen.tests.test_programmatic_api.TestRunFunctionSignature" name="test_run_function_exists" time="0.000" /><testcase classname="massgen.tests.test_programmatic_api.TestRunFunctionSignature" name="test_run_is_async" time="0.000" /><testcase classname="massgen.tests.test_programmatic_api.TestRunFunctionIntegration" name="test_run_with_single_model" time="0.000"><skipped type="pytest.skip" message="expensive test (enable with --run-expensive or RUN_EXPENSIVE=1)">/Users/admin/src/MassGen/massgen/tests/test_programmatic_api.py:396: expensive test (enable with --run-expensive or RUN_EXPENSIVE=1)</skipped></testcase><testcase classname="massgen.tests.test_programmatic_api.TestRunFunctionIntegration" name="test_run_with_models_list" time="0.000"><skipped type="pytest.skip" message="expensive test (enable with --run-expensive or RUN_EXPENSIVE=1)">/Users/admin/src/MassGen/massgen/tests/test_programmatic_api.py:407: expensive test (enable with --run-expensive or RUN_EXPENSIVE=1)</skipped></testcase><testcase classname="massgen.tests.test_rate_limiter" name="test_rate_limiter" time="60.104" /><testcase classname="massgen.tests.test_rate_limiter" name="test_shared_limiter" time="0.001" /><testcase classname="massgen.tests.test_rich_terminal_display" name="test_rich_availability" time="0.001" /><testcase classname="massgen.tests.test_rich_terminal_display" name="test_rich_display_basic" time="0.004" /><testcase classname="massgen.tests.test_rich_terminal_display" name="test_rich_display_coordination" time="0.001" /><testcase classname="massgen.tests.test_rich_terminal_display" name="test_rich_convenience_function" time="0.001" /><testcase classname="massgen.tests.test_rich_terminal_display" name="test_rich_fallback" time="0.000" /><testcase classname="massgen.tests.test_rich_terminal_display" name="test_rich_themes" time="0.002" /><testcase classname="massgen.tests.test_session_registry.TestSessionRegistry" name="test_create_registry" time="0.001" /><testcase classname="massgen.tests.test_session_registry.TestSessionRegistry" name="test_register_session" time="0.001" /><testcase classname="massgen.tests.test_session_registry.TestSessionRegistry" name="test_update_existing_session" time="0.001" /><testcase classname="massgen.tests.test_session_registry.TestSessionRegistry" name="test_complete_session" time="0.001" /><testcase classname="massgen.tests.test_session_registry.TestSessionRegistry" name="test_list_sessions" time="0.002" /><testcase classname="massgen.tests.test_session_registry.TestSessionRegistry" name="test_list_sessions_by_status" time="0.001" /><testcase classname="massgen.tests.test_session_registry.TestSessionRegistry" name="test_session_exists" time="0.001" /><testcase classname="massgen.tests.test_session_registry.TestSessionRegistry" name="test_delete_session" time="0.001" /><testcase classname="massgen.tests.test_session_registry.TestSessionRegistry" name="test_format_session_list_empty" time="0.000" /><testcase classname="massgen.tests.test_session_registry.TestSessionRegistry" name="test_format_session_list_with_sessions" time="0.000" /><testcase classname="massgen.tests.test_terminal_evaluation.TestTerminalEvaluation" name="test_vhs_installed" time="0.012"><skipped type="pytest.xfail" message="Requires external VHS binary; classify/mark appropriately or add graceful skip when not installed (.cursor/triage/tasks/cluster_20d8cab08a.md)" /></testcase><testcase classname="massgen.tests.test_terminal_evaluation.TestTerminalEvaluation" name="test_vhs_check_function" time="0.018" /><testcase classname="massgen.tests.test_terminal_evaluation.TestTerminalEvaluation" name="test_vhs_tape_creation" time="0.001"><failure message="AssertionError: assert 'Sleep 10s' in '# VHS tape for MassGen terminal recording\n# Auto-generated by run_massgen_with_recording tool\n\n# Output configurat...completes\n# Max timeout is set by WaitTimeout above\nWait /\\$/\n\n# Capture final frame after completion\nSleep 2s\n'">self = &lt;massgen.tests.test_terminal_evaluation.TestTerminalEvaluation object at 0x123c5a2c0&gt;
temp_dir = PosixPath('/var/folders/s6/wh4j5vn56x5dd00v0v5h8h9h0000gp/T/tmp12e942xh')

    @pytest.mark.asyncio
    async def test_vhs_tape_creation(self, temp_dir):
        """Test VHS tape file generation."""
        from massgen.tool._multimodal_tools.run_massgen_with_recording import (
            _create_vhs_tape,
        )
    
        output_path = temp_dir / "test_output.mp4"
        command = "echo 'Hello MassGen'"
    
        tape_content = _create_vhs_tape(
            command=command,
            output_path=output_path,
            output_format="mp4",
            width=1200,
            height=800,
            timeout_seconds=10,
        )
    
        # Verify tape content
        assert isinstance(tape_content, str)
        assert "Output" in tape_content
        assert str(output_path) in tape_content
        # Check that command is in the Type line with backticks
        assert f"Type `{command}`" in tape_content
        assert "Set Width 1200" in tape_content
        assert "Set Height 800" in tape_content
&gt;       assert "Sleep 10s" in tape_content
E       AssertionError: assert 'Sleep 10s' in '# VHS tape for MassGen terminal recording\n# Auto-generated by run_massgen_with_recording tool\n\n# Output configurat...completes\n# Max timeout is set by WaitTimeout above\nWait /\\$/\n\n# Capture final frame after completion\nSleep 2s\n'

massgen/tests/test_terminal_evaluation.py:109: AssertionError</failure></testcase><testcase classname="massgen.tests.test_terminal_evaluation.TestTerminalEvaluation" name="test_tool_without_vhs" time="0.001" /><testcase classname="massgen.tests.test_terminal_evaluation.TestTerminalEvaluation" name="test_invalid_config_path" time="0.001" /><testcase classname="massgen.tests.test_terminal_evaluation.TestTerminalEvaluation" name="test_invalid_output_format" time="0.010"><failure message="AssertionError: assert 'Invalid output format' in 'VHS is not installed. Please install it from https://github.com/charmbracelet/vhs\nInstall: brew install vhs (macOS) or go install github.com/charmbracelet/vhs@latest'">self = &lt;massgen.tests.test_terminal_evaluation.TestTerminalEvaluation object at 0x123c3a9c0&gt;
temp_dir = PosixPath('/var/folders/s6/wh4j5vn56x5dd00v0v5h8h9h0000gp/T/tmpw1x8jsoh')
simple_config = PosixPath('/var/folders/s6/wh4j5vn56x5dd00v0v5h8h9h0000gp/T/tmpw1x8jsoh/test_config.yaml')

    @pytest.mark.asyncio
    async def test_invalid_output_format(self, temp_dir, simple_config):
        """Test that tool validates output format."""
        from massgen.tool._multimodal_tools.run_massgen_with_recording import (
            run_massgen_with_recording,
        )
    
        result = await run_massgen_with_recording(
            config_path=str(simple_config),
            question="Test question",
            output_format="invalid_format",
            agent_cwd=str(temp_dir),
        )
    
        # Verify error response
        assert result.output_blocks
        output_data = json.loads(result.output_blocks[0].data)
        assert output_data["success"] is False
&gt;       assert "Invalid output format" in output_data["error"]
E       AssertionError: assert 'Invalid output format' in 'VHS is not installed. Please install it from https://github.com/charmbracelet/vhs\nInstall: brew install vhs (macOS) or go install github.com/charmbracelet/vhs@latest'

massgen/tests/test_terminal_evaluation.py:176: AssertionError</failure></testcase><testcase classname="massgen.tests.test_terminal_evaluation.TestTerminalEvaluation" name="test_simple_recording" time="0.000"><skipped type="pytest.skip" message="VHS not installed - install with: brew install vhs">/Users/admin/src/MassGen/massgen/tests/test_terminal_evaluation.py:178: VHS not installed - install with: brew install vhs</skipped></testcase><testcase classname="massgen.tests.test_terminal_evaluation.TestTerminalEvaluation" name="test_gif_format" time="0.000"><skipped type="pytest.skip" message="VHS not installed - install with: brew install vhs">/Users/admin/src/MassGen/massgen/tests/test_terminal_evaluation.py:229: VHS not installed - install with: brew install vhs</skipped></testcase><testcase classname="massgen.tests.test_terminal_evaluation.TestTerminalEvaluation" name="test_path_validation" time="0.001" /><testcase classname="massgen.tests.test_terminal_evaluation.TestToolIntegration" name="test_tool_returns_execution_result" time="0.001" /><testcase classname="massgen.tests.test_terminal_evaluation.TestToolIntegration" name="test_tool_workflow_with_understand_video" time="0.001" /><testcase classname="massgen.tests.test_timeout" name="test_orchestrator_timeout" time="0.001" /><testcase classname="massgen.tests.test_tools" name="test_tool_manager" time="0.003" /><testcase classname="massgen.tests.test_v3_simple" name="test_single_agent" time="0.000" /><testcase classname="massgen.tests.test_v3_simple" name="test_orchestrator_single" time="0.000" /><testcase classname="massgen.tests.test_v3_simple" name="test_agent_status" time="0.000" /><testcase classname="massgen.tests.test_v3_simple" name="test_conversation_history" time="0.000" /><testcase classname="massgen.tests.test_v3_three_agents" name="test_three_agents_coordination" time="0.000" /><testcase classname="massgen.tests.test_v3_three_agents" name="test_three_agents_simple" time="0.000" /><testcase classname="massgen.tests.test_v3_three_agents" name="test_three_agents_consensus" time="0.000" /><testcase classname="massgen.tests.test_v3_two_agents" name="test_two_agents_coordination" time="0.000" /><testcase classname="massgen.tests.test_v3_two_agents" name="test_two_agents_simple" time="0.002" /></testsuite></testsuites>